<?xml version="1.0" encoding="UTF-8"?>
<!-- Generated by org.testng.reporters.JUnitReportReporter -->
<testsuite hostname="DESKTOP-77BOD9I" failures="0" tests="1" name="qaacademy.MavenProject.SeleniumTest" time="0.002" errors="0" timestamp="2020-09-11T09:35:31 CEST" skipped="0">
  <testcase classname="qaacademy.MavenProject.SeleniumTest" name="BrowserAutomation" time="0.002"/>
  <system-out/>
</testsuite> <!-- qaacademy.MavenProject.SeleniumTest -->
