<?xml version="1.0" encoding="UTF-8"?>
<!-- Generated by org.testng.reporters.JUnitReportReporter -->
<testsuite hostname="DESKTOP-77BOD9I" failures="0" tests="2" name="qaacademy.MavenProject.AppiumTest" time="0.008" errors="0" timestamp="2020-09-11T09:35:31 CEST" skipped="0">
  <testcase classname="qaacademy.MavenProject.AppiumTest" name="Test2" time="0.006"/>
  <system-out/>
  <testcase classname="qaacademy.MavenProject.AppiumTest" name="Test1" time="0.002"/>
  <system-out/>
</testsuite> <!-- qaacademy.MavenProject.AppiumTest -->
