<?xml version="1.0" encoding="UTF-8"?>
<!-- Generated by org.testng.reporters.JUnitReportReporter -->
<testsuite hostname="DESKTOP-77BOD9I" failures="0" tests="2" name="qaacademy.MavenProject.RestAPI" time="0.007" errors="0" timestamp="2020-09-10T13:00:12 CEST" skipped="0">
  <testcase classname="qaacademy.MavenProject.RestAPI" name="Test3" time="0.007"/>
  <system-out/>
  <testcase classname="qaacademy.MavenProject.RestAPI" name="Test4" time="0.000"/>
  <system-out/>
</testsuite> <!-- qaacademy.MavenProject.RestAPI -->
