<?xml version="1.0" encoding="UTF-8"?>
<!-- Generated by org.testng.reporters.JUnitReportReporter -->
<testsuite hostname="DESKTOP-77BOD9I" failures="0" tests="2" name="qaacademy.MavenProject.AppiumTest" time="0.000" errors="0" timestamp="2020-09-10T12:59:50 CEST" skipped="0">
  <testcase classname="qaacademy.MavenProject.AppiumTest" name="Test1" time="0.000"/>
  <system-out/>
  <testcase classname="qaacademy.MavenProject.AppiumTest" name="Test2" time="0.000"/>
  <system-out/>
</testsuite> <!-- qaacademy.MavenProject.AppiumTest -->
